<?xml version="1.0" encoding="UTF-8"?>
<testng-results skipped="0" failed="0" total="2" passed="2">
  <reporter-output>
  </reporter-output>
  <suite name="Default suite" duration-ms="11245" started-at="2016-07-07T01:59:23Z" finished-at="2016-07-07T01:59:35Z">
    <groups>
    </groups>
    <test name="Default test" duration-ms="11245" started-at="2016-07-07T01:59:23Z" finished-at="2016-07-07T01:59:35Z">
      <class name="com.sam.tests.CreateAccountTest">
        <test-method status="PASS" signature="setUp()[pri:0, instance:com.sam.tests.CreateAccountTest@e45f292]" name="setUp" is-config="true" duration-ms="2510" started-at="2016-07-06T18:59:23Z" finished-at="2016-07-06T18:59:26Z">
          <reporter-output>
          </reporter-output>
        </test-method> <!-- setUp -->
        <test-method status="PASS" signature="clickcreateaccount()[pri:0, instance:com.sam.tests.CreateAccountTest@e45f292]" name="clickcreateaccount" duration-ms="3784" started-at="2016-07-06T18:59:26Z" finished-at="2016-07-06T18:59:30Z">
          <reporter-output>
          </reporter-output>
        </test-method> <!-- clickcreateaccount -->
        <test-method status="PASS" signature="tearDown()[pri:0, instance:com.sam.tests.CreateAccountTest@e45f292]" name="tearDown" is-config="true" duration-ms="90" started-at="2016-07-06T18:59:30Z" finished-at="2016-07-06T18:59:30Z">
          <reporter-output>
          </reporter-output>
        </test-method> <!-- tearDown -->
        <test-method status="PASS" signature="setUp()[pri:0, instance:com.sam.tests.CreateAccountTest@e45f292]" name="setUp" is-config="true" duration-ms="1782" started-at="2016-07-06T18:59:30Z" finished-at="2016-07-06T18:59:32Z">
          <reporter-output>
          </reporter-output>
        </test-method> <!-- setUp -->
        <test-method status="PASS" signature="clickcreateaccount2()[pri:0, instance:com.sam.tests.CreateAccountTest@e45f292]" name="clickcreateaccount2" duration-ms="2976" started-at="2016-07-06T18:59:32Z" finished-at="2016-07-06T18:59:35Z">
          <reporter-output>
          </reporter-output>
        </test-method> <!-- clickcreateaccount2 -->
        <test-method status="PASS" signature="tearDown()[pri:0, instance:com.sam.tests.CreateAccountTest@e45f292]" name="tearDown" is-config="true" duration-ms="73" started-at="2016-07-06T18:59:35Z" finished-at="2016-07-06T18:59:35Z">
          <reporter-output>
          </reporter-output>
        </test-method> <!-- tearDown -->
      </class> <!-- com.sam.tests.CreateAccountTest -->
    </test> <!-- Default test -->
  </suite> <!-- Default suite -->
</testng-results>
